  CustomRectangle.cpp
C:\Users\gn260\source\repos\PingPong\CustomRectangle.cpp(43,51): warning C4244: 'return': conversion from 'const int' to 'float', possible loss of data
C:\Users\gn260\source\repos\PingPong\CustomRectangle.cpp(44,51): warning C4244: 'return': conversion from 'const int' to 'float', possible loss of data
C:\Users\gn260\source\repos\PingPong\CustomRectangle.cpp(45,51): warning C4244: 'return': conversion from 'const int' to 'float', possible loss of data
C:\Users\gn260\source\repos\PingPong\CustomRectangle.cpp(46,51): warning C4244: 'return': conversion from 'const int' to 'float', possible loss of data
C:\Users\gn260\source\repos\PingPong\CustomRectangle.cpp(74,63): warning C4244: 'argument': conversion from 'int' to 'const float', possible loss of data
C:\Users\gn260\source\repos\PingPong\CustomRectangle.cpp(74,51): warning C4244: 'argument': conversion from 'const int' to 'const float', possible loss of data
C:\Users\gn260\source\repos\PingPong\CustomRectangle.cpp(75,82): warning C4244: 'argument': conversion from 'int' to 'const float', possible loss of data
C:\Users\gn260\source\repos\PingPong\CustomRectangle.cpp(75,70): warning C4244: 'argument': conversion from 'const int' to 'const float', possible loss of data
C:\Users\gn260\source\repos\PingPong\CustomRectangle.cpp(85,63): warning C4244: 'argument': conversion from 'int' to 'const float', possible loss of data
C:\Users\gn260\source\repos\PingPong\CustomRectangle.cpp(85,51): warning C4244: 'argument': conversion from 'const int' to 'const float', possible loss of data
C:\Users\gn260\source\repos\PingPong\CustomRectangle.cpp(86,82): warning C4244: 'argument': conversion from 'int' to 'const float', possible loss of data
C:\Users\gn260\source\repos\PingPong\CustomRectangle.cpp(86,70): warning C4244: 'argument': conversion from 'const int' to 'const float', possible loss of data
C:\Users\gn260\source\repos\PingPong\CustomRectangle.cpp(96,63): warning C4244: 'argument': conversion from 'int' to 'const float', possible loss of data
C:\Users\gn260\source\repos\PingPong\CustomRectangle.cpp(96,51): warning C4244: 'argument': conversion from 'const int' to 'const float', possible loss of data
C:\Users\gn260\source\repos\PingPong\CustomRectangle.cpp(97,82): warning C4244: 'argument': conversion from 'int' to 'const float', possible loss of data
C:\Users\gn260\source\repos\PingPong\CustomRectangle.cpp(97,70): warning C4244: 'argument': conversion from 'const int' to 'const float', possible loss of data
C:\Users\gn260\source\repos\PingPong\CustomRectangle.cpp(107,63): warning C4244: 'argument': conversion from 'int' to 'const float', possible loss of data
C:\Users\gn260\source\repos\PingPong\CustomRectangle.cpp(107,51): warning C4244: 'argument': conversion from 'const int' to 'const float', possible loss of data
C:\Users\gn260\source\repos\PingPong\CustomRectangle.cpp(108,82): warning C4244: 'argument': conversion from 'int' to 'const float', possible loss of data
C:\Users\gn260\source\repos\PingPong\CustomRectangle.cpp(108,70): warning C4244: 'argument': conversion from 'const int' to 'const float', possible loss of data
  CustomText.cpp
  main.cpp
C:\Users\gn260\source\repos\PingPong\main.cpp(232,33): warning C4244: '=': conversion from 'Uint32' to 'float', possible loss of data
C:\Users\gn260\source\repos\PingPong\main.cpp(234,13): warning C4244: 'argument': conversion from 'float' to 'Uint32', possible loss of data
  Generating Code...
C:\Users\gn260\source\repos\PingPong\main.cpp(365): warning C4715: 'GameInit': not all control paths return a value
  PingPong.vcxproj -> C:\Users\gn260\source\repos\PingPong\Debug\PingPong.exe
